<?xml version="1.0" encoding="UTF-8"?>
<!-- Generated by org.testng.reporters.JUnitXMLReporter -->
<testsuite hostname="BLR2T2WSF035" name="Default test" tests="3" failures="0" timestamp="29 Jan 2019 07:57:27 GMT" time="5.263" errors="0">
  <testcase name="@BeforeMethod login" time="0.0" classname="inbox.Sample">
    <skipped/>
  </testcase> <!-- @BeforeMethod login -->
  <testcase name="@AfterMethod endLogger" time="0.0" classname="inbox.Sample">
    <skipped/>
  </testcase> <!-- @AfterMethod endLogger -->
  <testcase name="@BeforeMethod login" time="0.0" classname="inbox.Sample">
    <skipped/>
  </testcase> <!-- @BeforeMethod login -->
  <testcase name="@AfterMethod endLogger" time="0.0" classname="inbox.Sample">
    <skipped/>
  </testcase> <!-- @AfterMethod endLogger -->
  <testcase name="@BeforeMethod login" time="0.0" classname="inbox.Sample">
    <skipped/>
  </testcase> <!-- @BeforeMethod login -->
  <testcase name="@AfterMethod endLogger" time="0.0" classname="inbox.Sample">
    <skipped/>
  </testcase> <!-- @AfterMethod endLogger -->
  <testcase name="@AfterTest closeBrowser" time="0.0" classname="inbox.Sample">
    <skipped/>
  </testcase> <!-- @AfterTest closeBrowser -->
  <testcase name="Denial_DOS" time="0.001" classname="inbox.Sample">
    <skipped/>
  </testcase> <!-- Denial_DOS -->
  <testcase name="verify_KickOut_DOS" time="0.002" classname="inbox.Sample">
    <skipped/>
  </testcase> <!-- verify_KickOut_DOS -->
  <testcase name="verify_Regular_DOS" time="0.0" classname="inbox.Sample">
    <skipped/>
  </testcase> <!-- verify_Regular_DOS -->
</testsuite> <!-- Default test -->
