<?xml version="1.0" encoding="UTF-8"?>
<!-- Generated by org.testng.reporters.JUnitXMLReporter -->
<testsuite hostname="BLR2T2WSF035" name="Test" tests="10" failures="3" timestamp="21 Jan 2019 03:40:16 GMT" time="359.657" errors="0">
  <testcase name="@AfterMethod endLogger" time="0.0" classname="master.UserTargets">
    <failure type="java.lang.NullPointerException">
      <![CDATA[java.lang.NullPointerException
	at configuration.Configuration.endLogger(Configuration.java:130)
... Removed 26 stack frames]]>
    </failure>
  </testcase> <!-- @AfterMethod endLogger -->
  <testcase name="@BeforeMethod login" time="0.0" classname="master.UserTargets">
    <skipped/>
  </testcase> <!-- @BeforeMethod login -->
  <testcase name="@AfterMethod endLogger" time="0.0" classname="master.UserTargets">
    <skipped/>
  </testcase> <!-- @AfterMethod endLogger -->
  <testcase name="@AfterTest closeBrowser" time="0.0" classname="master.ConfigureUsersAndRoles">
    <skipped/>
  </testcase> <!-- @AfterTest closeBrowser -->
  <testcase name="verify_UserConfiguration" time="63.848" classname="master.ConfigureUsersAndRoles"/>
  <testcase name="verify_UpdateUserRole" time="15.049" classname="master.ConfigureUsersAndRoles"/>
  <testcase name="remove_User" time="60.691" classname="master.ConfigureUsersAndRoles"/>
  <testcase name="verify_UserAlreadyExist" time="41.506" classname="master.ConfigureUsersAndRoles"/>
  <testcase name="verify_UserClientMapping" time="24.654" classname="master.UserClientMapping"/>
  <testcase name="verify_ClientDuplicateMapping" time="24.597" classname="master.UserClientMapping">
    <failure type="java.lang.AssertionError" message="&amp;lt;b&amp;gt;&amp;apos;User Mapping Already Exist&amp;apos; message not displayed&amp;lt;/b&amp;gt; expected [false] but found [true]">
      <![CDATA[java.lang.AssertionError: <b>'User Mapping Already Exist' message not displayed</b> expected [false] but found [true]
	at master.UserClientMapping.verify_ClientDuplicateMapping(UserClientMapping.java:155)
... Removed 27 stack frames]]>
    </failure>
  </testcase> <!-- verify_ClientDuplicateMapping -->
  <testcase name="remove_ClientMapping" time="30.139" classname="master.UserClientMapping"/>
  <testcase name="update_UserTargets" time="51.67" classname="master.UserTargets">
    <failure type="java.lang.AssertionError" message="User Target not found expected [true] but found [false]">
      <![CDATA[java.lang.AssertionError: User Target not found expected [true] but found [false]
	at master.UserTargets.update_UserTargets(UserTargets.java:135)
... Removed 27 stack frames]]>
    </failure>
  </testcase> <!-- update_UserTargets -->
  <testcase name="verify_UserTargetForPrevoiusDates" time="29.406" classname="master.UserTargets">
    <failure type="java.lang.NullPointerException">
      <![CDATA[java.lang.NullPointerException
	at master.UserTargets.verify_UserTargetForPrevoiusDates(UserTargets.java:188)
... Removed 24 stack frames]]>
    </failure>
  </testcase> <!-- verify_UserTargetForPrevoiusDates -->
  <testcase name="verify_UserTargetOverlappingDates" time="0.0" classname="master.UserTargets">
    <skipped/>
  </testcase> <!-- verify_UserTargetOverlappingDates -->
</testsuite> <!-- Test -->
