<?xml version="1.0" encoding="UTF-8"?>
<!-- Generated by org.testng.reporters.JUnitXMLReporter -->
<testsuite hostname="BLR2T2WSF035" name="Test" tests="3" failures="1" timestamp="30 Jan 2019 05:34:43 GMT" time="16.858" errors="0">
  <testcase name="verify_Denail_DOS" time="2.971" classname="inbox.Sample">
    <failure type="java.lang.AssertionError" message="expected [false] but found [true]">
      <![CDATA[java.lang.AssertionError: expected [false] but found [true]
	at inbox.Sample.verify_Denail_DOS(Sample.java:39)
... Removed 31 stack frames]]>
    </failure>
  </testcase> <!-- verify_Denail_DOS -->
  <testcase name="verify_KickOut_DOS" time="1.59" classname="inbox.Sample"/>
  <testcase name="verify_Regular_DOS" time="1.683" classname="inbox.Sample"/>
</testsuite> <!-- Test -->
