<?xml version="1.0" encoding="UTF-8"?>
<testsuite xmlns:xsi="http://www.w3.org/2001/XMLSchema-instance" xsi:schemaLocation="https://maven.apache.org/surefire/maven-surefire-plugin/xsd/surefire-test-report.xsd" name="TestSuite" time="17.437" tests="3" errors="0" skipped="0" failures="1">
  <properties>
[...]
</properties>
  <testcase name="verify_Denail_DOS" classname="inbox.Sample" time="2.979">
    <failure message="expected [false] but found [true]" type="java.lang.AssertionError">java.lang.AssertionError: expected [false] but found [true]
	at inbox.Sample.verify_Denail_DOS(Sample.java:39)
</failure>
    <system-out><![CDATA[Connection opened
]]></system-out>
    <system-err><![CDATA[Starting ChromeDriver 2.36.540470 (e522d04694c7ebea4ba8821272dbef4f9b818c91) on port 46439
Only local connections are allowed.
]]></system-err>
  </testcase>
  <testcase name="verify_KickOut_DOS" classname="inbox.Sample" time="1.589"/>
  <testcase name="verify_Regular_DOS" classname="inbox.Sample" time="1.672"/>
</testsuite>